2025-06-10 07:21:37,922 WARNING database DDL Query made to DB:
create table `tabVoice Call Settings` (
			name varchar(140) primary key,
			creation datetime(6),
			modified datetime(6),
			modified_by varchar(140),
			owner varchar(140),
			docstatus int(1) not null default '0',
			idx int(8) not null default '0',
			`user` varchar(140) unique,
`call_receiving_device` varchar(140) default 'Computer',
`greeting_message` varchar(140),
`agent_busy_message` varchar(140),
`agent_unavailable_message` varchar(140),
`_user_tags` text,
`_comments` text,
`_assign` text,
`_liked_by` text,
index modified(modified))
			ENGINE=InnoDB
			ROW_FORMAT=DYNAMIC
			CHARACTER SET=utf8mb4
			COLLATE=utf8mb4_unicode_ci
2025-06-10 07:21:38,021 WARNING database DDL Query made to DB:
create table `tabIncoming Call Handling Schedule` (
			name varchar(140) primary key,
			creation datetime(6),
			modified datetime(6),
			modified_by varchar(140),
			owner varchar(140),
			docstatus int(1) not null default '0',
			idx int(8) not null default '0',
			`day_of_week` varchar(140),
`from_time` time(6) default '9:00:00',
`to_time` time(6) default '17:00:00',
`agent_group` varchar(140),
parent varchar(140),
parentfield varchar(140),
parenttype varchar(140),
index parent(parent))
			ENGINE=InnoDB
			ROW_FORMAT=DYNAMIC
			CHARACTER SET=utf8mb4
			COLLATE=utf8mb4_unicode_ci
2025-06-10 07:21:38,091 WARNING database DDL Query made to DB:
create table `tabTelephony Call Type` (
			name varchar(140) primary key,
			creation datetime(6),
			modified datetime(6),
			modified_by varchar(140),
			owner varchar(140),
			docstatus int(1) not null default '0',
			idx int(8) not null default '0',
			`call_type` varchar(140) unique,
`amended_from` varchar(140),
`_user_tags` text,
`_comments` text,
`_assign` text,
`_liked_by` text,
index modified(modified))
			ENGINE=InnoDB
			ROW_FORMAT=DYNAMIC
			CHARACTER SET=utf8mb4
			COLLATE=utf8mb4_unicode_ci
2025-06-10 07:21:38,175 WARNING database DDL Query made to DB:
create table `tabBulk Transaction Log Detail` (
			name varchar(140) primary key,
			creation datetime(6),
			modified datetime(6),
			modified_by varchar(140),
			owner varchar(140),
			docstatus int(1) not null default '0',
			idx int(8) not null default '0',
			`from_doctype` varchar(140),
`transaction_name` varchar(140),
`date` date,
`time` time(6),
`transaction_status` varchar(140),
`error_description` longtext,
`to_doctype` varchar(140),
`retried` int(11) not null default 0,
`_user_tags` text,
`_comments` text,
`_assign` text,
`_liked_by` text,
index `from_doctype`(`from_doctype`),
index `transaction_name`(`transaction_name`),
index `date`(`date`),
index modified(modified))
			ENGINE=InnoDB
			ROW_FORMAT=DYNAMIC
			CHARACTER SET=utf8mb4
			COLLATE=utf8mb4_unicode_ci
2025-06-10 07:21:38,331 WARNING database DDL Query made to DB:
create table `tabSubcontracting BOM` (
			name varchar(140) primary key,
			creation datetime(6),
			modified datetime(6),
			modified_by varchar(140),
			owner varchar(140),
			docstatus int(1) not null default '0',
			idx int(8) not null default '0',
			`is_active` int(1) not null default 1,
`finished_good` varchar(140),
`finished_good_qty` decimal(21,9) not null default 1.0,
`finished_good_uom` varchar(140),
`finished_good_bom` varchar(140),
`service_item` varchar(140),
`service_item_qty` decimal(21,9) not null default 1.0,
`service_item_uom` varchar(140),
`conversion_factor` decimal(21,9) not null default 0,
`_user_tags` text,
`_comments` text,
`_assign` text,
`_liked_by` text,
index `finished_good`(`finished_good`),
index `finished_good_bom`(`finished_good_bom`),
index `service_item`(`service_item`),
index modified(modified))
			ENGINE=InnoDB
			ROW_FORMAT=DYNAMIC
			CHARACTER SET=utf8mb4
			COLLATE=utf8mb4_unicode_ci
2025-06-10 07:21:38,484 WARNING database DDL Query made to DB:
create table `tabSubcontracting Receipt` (
			name varchar(140) primary key,
			creation datetime(6),
			modified datetime(6),
			modified_by varchar(140),
			owner varchar(140),
			docstatus int(1) not null default '0',
			idx int(8) not null default '0',
			`title` varchar(140) default '{supplier_name}',
`naming_series` varchar(140),
`supplier` varchar(140),
`supplier_name` varchar(140),
`supplier_delivery_note` varchar(140),
`company` varchar(140),
`posting_date` date,
`posting_time` time(6),
`set_posting_time` int(1) not null default 0,
`is_return` int(1) not null default 0,
`return_against` varchar(140),
`cost_center` varchar(140),
`project` varchar(140),
`set_warehouse` varchar(140),
`rejected_warehouse` varchar(140),
`supplier_warehouse` varchar(140),
`total_qty` decimal(21,9) not null default 0,
`total` decimal(21,9) not null default 0,
`in_words` varchar(240),
`bill_no` varchar(140),
`bill_date` date,
`supplier_address` varchar(140),
`contact_person` varchar(140),
`address_display` text,
`contact_display` text,
`contact_mobile` text,
`contact_email` text,
`shipping_address` varchar(140),
`shipping_address_display` text,
`billing_address` varchar(140),
`billing_address_display` text,
`distribute_additional_costs_based_on` varchar(140) default 'Qty',
`total_additional_costs` decimal(21,9) not null default 0,
`amended_from` varchar(140),
`range` varchar(140),
`represents_company` varchar(140),
`status` varchar(140) default 'Draft',
`per_returned` decimal(21,9) not null default 0,
`auto_repeat` varchar(140),
`letter_head` varchar(140),
`language` varchar(140),
`instructions` text,
`select_print_heading` varchar(140),
`remarks` text,
`transporter_name` varchar(140),
`lr_no` varchar(140),
`lr_date` date,
`_user_tags` text,
`_comments` text,
`_assign` text,
`_liked_by` text,
index `supplier`(`supplier`),
index `posting_date`(`posting_date`),
index `status`(`status`),
index modified(modified))
			ENGINE=InnoDB
			ROW_FORMAT=DYNAMIC
			CHARACTER SET=utf8mb4
			COLLATE=utf8mb4_unicode_ci
2025-06-10 07:21:38,598 WARNING database DDL Query made to DB:
create table `tabSubcontracting Receipt Supplied Item` (
			name varchar(140) primary key,
			creation datetime(6),
			modified datetime(6),
			modified_by varchar(140),
			owner varchar(140),
			docstatus int(1) not null default '0',
			idx int(8) not null default '0',
			`main_item_code` varchar(140),
`rm_item_code` varchar(140),
`item_name` varchar(140),
`bom_detail_no` varchar(140),
`description` longtext,
`stock_uom` varchar(140),
`conversion_factor` decimal(21,9) not null default 1.0,
`reference_name` varchar(140),
`rate` decimal(21,9) not null default 0,
`amount` decimal(21,9) not null default 0,
`available_qty_for_consumption` decimal(21,9) not null default 0,
`required_qty` decimal(21,9) not null default 0,
`consumed_qty` decimal(21,9) not null default 0,
`current_stock` decimal(21,9) not null default 0,
`serial_and_batch_bundle` varchar(140),
`use_serial_batch_fields` int(1) not null default 0,
`subcontracting_order` varchar(140),
`serial_no` text,
`batch_no` varchar(140),
parent varchar(140),
parentfield varchar(140),
parenttype varchar(140),
index parent(parent))
			ENGINE=InnoDB
			ROW_FORMAT=DYNAMIC
			CHARACTER SET=utf8mb4
			COLLATE=utf8mb4_unicode_ci
2025-06-10 07:21:38,736 WARNING database DDL Query made to DB:
create table `tabSubcontracting Receipt Item` (
			name varchar(140) primary key,
			creation datetime(6),
			modified datetime(6),
			modified_by varchar(140),
			owner varchar(140),
			docstatus int(1) not null default '0',
			idx int(8) not null default '0',
			`item_code` varchar(140),
`item_name` varchar(140),
`is_scrap_item` int(1) not null default 0,
`description` longtext,
`brand` varchar(140),
`image` text,
`received_qty` decimal(21,9) not null default 0,
`qty` decimal(21,9) not null default 0,
`rejected_qty` decimal(21,9) not null default 0,
`returned_qty` decimal(21,9) not null default 0,
`stock_uom` varchar(140),
`conversion_factor` decimal(21,9) not null default 1.0,
`rate` decimal(21,9) not null default 0,
`amount` decimal(21,9) not null default 0,
`rm_cost_per_qty` decimal(21,9) not null default 0,
`service_cost_per_qty` decimal(21,9) not null default 0,
`additional_cost_per_qty` decimal(21,9) not null default 0,
`scrap_cost_per_qty` decimal(21,9) not null default 0,
`rm_supp_cost` decimal(21,9) not null default 0,
`warehouse` varchar(140),
`subcontracting_order` varchar(140),
`subcontracting_order_item` varchar(140),
`subcontracting_receipt_item` varchar(140),
`rejected_warehouse` varchar(140),
`bom` varchar(140),
`include_exploded_items` int(1) not null default 0,
`quality_inspection` varchar(140),
`schedule_date` date,
`reference_name` varchar(140),
`serial_and_batch_bundle` varchar(140),
`use_serial_batch_fields` int(1) not null default 0,
`rejected_serial_and_batch_bundle` varchar(140),
`serial_no` text,
`rejected_serial_no` text,
`batch_no` varchar(140),
`manufacturer` varchar(140),
`manufacturer_part_no` varchar(140),
`expense_account` varchar(140),
`cost_center` varchar(140),
`project` varchar(140),
`page_break` int(1) not null default 0,
`purchase_order` varchar(140),
`purchase_order_item` varchar(140),
index `item_code`(`item_code`),
index `subcontracting_order`(`subcontracting_order`),
index `subcontracting_order_item`(`subcontracting_order_item`),
index `purchase_order`(`purchase_order`),
index `purchase_order_item`(`purchase_order_item`),
parent varchar(140),
parentfield varchar(140),
parenttype varchar(140),
index parent(parent))
			ENGINE=InnoDB
			ROW_FORMAT=DYNAMIC
			CHARACTER SET=utf8mb4
			COLLATE=utf8mb4_unicode_ci
2025-06-10 07:21:38,819 WARNING database DDL Query made to DB:
create table `tabSubcontracting Order Supplied Item` (
			name varchar(140) primary key,
			creation datetime(6),
			modified datetime(6),
			modified_by varchar(140),
			owner varchar(140),
			docstatus int(1) not null default '0',
			idx int(8) not null default '0',
			`main_item_code` varchar(140),
`rm_item_code` varchar(140),
`stock_uom` varchar(140),
`conversion_factor` decimal(21,9) not null default 1.0,
`reserve_warehouse` varchar(140),
`bom_detail_no` varchar(140),
`reference_name` varchar(140),
`rate` decimal(21,9) not null default 0,
`amount` decimal(21,9) not null default 0,
`required_qty` decimal(21,9) not null default 0,
`supplied_qty` decimal(21,9) not null default 0,
`consumed_qty` decimal(21,9) not null default 0,
`returned_qty` decimal(21,9) not null default 0,
`total_supplied_qty` decimal(21,9) not null default 0,
parent varchar(140),
parentfield varchar(140),
parenttype varchar(140),
index parent(parent))
			ENGINE=InnoDB
			ROW_FORMAT=DYNAMIC
			CHARACTER SET=utf8mb4
			COLLATE=utf8mb4_unicode_ci
2025-06-10 07:21:38,936 WARNING database DDL Query made to DB:
create table `tabSubcontracting Order Item` (
			name varchar(140) primary key,
			creation datetime(6),
			modified datetime(6),
			modified_by varchar(140),
			owner varchar(140),
			docstatus int(1) not null default '0',
			idx int(8) not null default '0',
			`item_code` varchar(140),
`item_name` varchar(140),
`bom` varchar(140),
`include_exploded_items` int(1) not null default 0,
`schedule_date` date,
`expected_delivery_date` date,
`description` longtext,
`image` text,
`qty` decimal(21,9) not null default 1.0,
`received_qty` decimal(21,9) not null default 0,
`returned_qty` decimal(21,9) not null default 0,
`stock_uom` varchar(140),
`conversion_factor` decimal(21,9) not null default 1.0,
`rate` decimal(21,9) not null default 0,
`amount` decimal(21,9) not null default 0,
`rm_cost_per_qty` decimal(21,9) not null default 0,
`service_cost_per_qty` decimal(21,9) not null default 0,
`additional_cost_per_qty` decimal(21,9) not null default 0,
`warehouse` varchar(140),
`expense_account` varchar(140),
`manufacturer` varchar(140),
`manufacturer_part_no` varchar(140),
`material_request` varchar(140),
`material_request_item` varchar(140),
`cost_center` varchar(140),
`project` varchar(140),
`purchase_order_item` varchar(140),
`page_break` int(1) not null default 0,
`subcontracting_conversion_factor` decimal(21,9) not null default 0,
`job_card` varchar(140),
index `item_code`(`item_code`),
index `expected_delivery_date`(`expected_delivery_date`),
index `material_request`(`material_request`),
index `material_request_item`(`material_request_item`),
index `purchase_order_item`(`purchase_order_item`),
parent varchar(140),
parentfield varchar(140),
parenttype varchar(140),
index parent(parent))
			ENGINE=InnoDB
			ROW_FORMAT=DYNAMIC
			CHARACTER SET=utf8mb4
			COLLATE=utf8mb4_unicode_ci
2025-06-10 07:21:39,038 WARNING database DDL Query made to DB:
create table `tabSubcontracting Order Service Item` (
			name varchar(140) primary key,
			creation datetime(6),
			modified datetime(6),
			modified_by varchar(140),
			owner varchar(140),
			docstatus int(1) not null default '0',
			idx int(8) not null default '0',
			`item_code` varchar(140),
`item_name` varchar(140),
`qty` decimal(21,9) not null default 0,
`rate` decimal(21,9) not null default 0,
`amount` decimal(21,9) not null default 0,
`fg_item` varchar(140),
`fg_item_qty` decimal(21,9) not null default 1.0,
`purchase_order_item` varchar(140),
`material_request` varchar(140),
`material_request_item` varchar(140),
index `item_code`(`item_code`),
index `purchase_order_item`(`purchase_order_item`),
parent varchar(140),
parentfield varchar(140),
parenttype varchar(140),
index parent(parent))
			ENGINE=InnoDB
			ROW_FORMAT=DYNAMIC
			CHARACTER SET=utf8mb4
			COLLATE=utf8mb4_unicode_ci
2025-06-10 07:21:39,156 WARNING database DDL Query made to DB:
create table `tabSubcontracting Order` (
			name varchar(140) primary key,
			creation datetime(6),
			modified datetime(6),
			modified_by varchar(140),
			owner varchar(140),
			docstatus int(1) not null default '0',
			idx int(8) not null default '0',
			`title` varchar(140) default '{supplier_name}',
`naming_series` varchar(140),
`purchase_order` varchar(140),
`supplier` varchar(140),
`supplier_name` varchar(140),
`supplier_warehouse` varchar(140),
`company` varchar(140),
`transaction_date` date,
`schedule_date` date,
`amended_from` varchar(140),
`cost_center` varchar(140),
`project` varchar(140),
`set_warehouse` varchar(140),
`total_qty` decimal(21,9) not null default 0,
`total` decimal(21,9) not null default 0,
`set_reserve_warehouse` varchar(140),
`supplier_address` varchar(140),
`address_display` text,
`contact_person` varchar(140),
`contact_display` text,
`contact_mobile` text,
`contact_email` text,
`shipping_address` varchar(140),
`shipping_address_display` text,
`billing_address` varchar(140),
`billing_address_display` text,
`distribute_additional_costs_based_on` varchar(140) default 'Qty',
`total_additional_costs` decimal(21,9) not null default 0,
`status` varchar(140) default 'Draft',
`per_received` decimal(21,9) not null default 0,
`select_print_heading` varchar(140),
`letter_head` varchar(140),
`_user_tags` text,
`_comments` text,
`_assign` text,
`_liked_by` text,
index `supplier`(`supplier`),
index `transaction_date`(`transaction_date`),
index `status`(`status`),
index modified(modified))
			ENGINE=InnoDB
			ROW_FORMAT=DYNAMIC
			CHARACTER SET=utf8mb4
			COLLATE=utf8mb4_unicode_ci
2025-06-10 07:21:39,246 WARNING database DDL Query made to DB:
create table `tabCommon Code` (
			name varchar(140) primary key,
			creation datetime(6),
			modified datetime(6),
			modified_by varchar(140),
			owner varchar(140),
			docstatus int(1) not null default '0',
			idx int(8) not null default '0',
			`code_list` varchar(140),
`title` varchar(300),
`common_code` varchar(300),
`description` text,
`additional_data` longtext,
`_user_tags` text,
`_comments` text,
`_assign` text,
`_liked_by` text,
index `code_list`(`code_list`),
index `common_code`(`common_code`),
index modified(modified))
			ENGINE=InnoDB
			ROW_FORMAT=DYNAMIC
			CHARACTER SET=utf8mb4
			COLLATE=utf8mb4_unicode_ci
2025-06-10 07:21:39,305 WARNING database DDL Query made to DB:
ALTER TABLE `tabCommon Code`
				ADD INDEX IF NOT EXISTS `code_list_common_code_index`(code_list, common_code)
2025-06-10 07:21:39,356 WARNING database DDL Query made to DB:
create table `tabCode List` (
			name varchar(140) primary key,
			creation datetime(6),
			modified datetime(6),
			modified_by varchar(140),
			owner varchar(140),
			docstatus int(1) not null default '0',
			idx int(8) not null default '0',
			`title` varchar(140),
`canonical_uri` varchar(140),
`url` varchar(140),
`default_common_code` varchar(140),
`version` varchar(140),
`publisher` varchar(140),
`publisher_id` varchar(140),
`description` text,
`_user_tags` text,
`_comments` text,
`_assign` text,
`_liked_by` text,
index modified(modified))
			ENGINE=InnoDB
			ROW_FORMAT=DYNAMIC
			CHARACTER SET=utf8mb4
			COLLATE=utf8mb4_unicode_ci
2025-06-10 07:21:43,933 WARNING database DDL Query made to DB:
ALTER TABLE `tabAddress` ADD COLUMN `tax_category` varchar(140), ADD COLUMN `is_your_company_address` int(1) not null default 0
2025-06-10 07:21:44,034 WARNING database DDL Query made to DB:
ALTER TABLE `tabContact` ADD COLUMN `is_billing_contact` int(1) not null default 0
2025-06-10 07:21:51,528 WARNING database DDL Query made to DB:
create table `tabPerformance Review` (
			name varchar(140) primary key,
			creation datetime(6),
			modified datetime(6),
			modified_by varchar(140),
			owner varchar(140),
			docstatus int(1) not null default '0',
			idx int(8) not null default '0',
			`review_date` datetime(6),
`intern` varchar(140),
`task_name` varchar(140),
`rating` decimal(3,2),
`amended_from` varchar(140),
`_user_tags` text,
`_comments` text,
`_assign` text,
`_liked_by` text,
index `amended_from`(`amended_from`),
index modified(modified))
			ENGINE=InnoDB
			ROW_FORMAT=DYNAMIC
			CHARACTER SET=utf8mb4
			COLLATE=utf8mb4_unicode_ci
2025-06-10 07:21:51,663 WARNING database DDL Query made to DB:
create table `tabMentor` (
			name varchar(140) primary key,
			creation datetime(6),
			modified datetime(6),
			modified_by varchar(140),
			owner varchar(140),
			docstatus int(1) not null default '0',
			idx int(8) not null default '0',
			`user` varchar(140),
`email` varchar(140),
`phone_number` varchar(140),
`amended_from` varchar(140),
`_user_tags` text,
`_comments` text,
`_assign` text,
`_liked_by` text,
index `amended_from`(`amended_from`),
index modified(modified))
			ENGINE=InnoDB
			ROW_FORMAT=DYNAMIC
			CHARACTER SET=utf8mb4
			COLLATE=utf8mb4_unicode_ci
2025-06-10 07:21:51,749 WARNING database DDL Query made to DB:
create table `tabWork Template Task Item` (
			name varchar(140) primary key,
			creation datetime(6),
			modified datetime(6),
			modified_by varchar(140),
			owner varchar(140),
			docstatus int(1) not null default '0',
			idx int(8) not null default '0',
			`task_name` varchar(140),
`due_date` datetime(6),
parent varchar(140),
parentfield varchar(140),
parenttype varchar(140),
index parent(parent))
			ENGINE=InnoDB
			ROW_FORMAT=DYNAMIC
			CHARACTER SET=utf8mb4
			COLLATE=utf8mb4_unicode_ci
2025-06-10 07:21:51,827 WARNING database DDL Query made to DB:
create table `tabWork Allocations` (
			name varchar(140) primary key,
			creation datetime(6),
			modified datetime(6),
			modified_by varchar(140),
			owner varchar(140),
			docstatus int(1) not null default '0',
			idx int(8) not null default '0',
			`intern` varchar(140),
`template` varchar(140),
`completion_status` varchar(140),
`amended_from` varchar(140),
`_user_tags` text,
`_comments` text,
`_assign` text,
`_liked_by` text,
index `amended_from`(`amended_from`),
index modified(modified))
			ENGINE=InnoDB
			ROW_FORMAT=DYNAMIC
			CHARACTER SET=utf8mb4
			COLLATE=utf8mb4_unicode_ci
2025-06-10 07:21:51,923 WARNING database DDL Query made to DB:
create table `tabIntern` (
			name varchar(140) primary key,
			creation datetime(6),
			modified datetime(6),
			modified_by varchar(140),
			owner varchar(140),
			docstatus int(1) not null default '0',
			idx int(8) not null default '0',
			`user` varchar(140),
`email_id` varchar(140),
`date_of_joining` date,
`phone_number` varchar(140),
`mentor` varchar(140),
`aadhar_card` text,
`amended_from` varchar(140),
`_user_tags` text,
`_comments` text,
`_assign` text,
`_liked_by` text,
index `amended_from`(`amended_from`),
index modified(modified))
			ENGINE=InnoDB
			ROW_FORMAT=DYNAMIC
			CHARACTER SET=utf8mb4
			COLLATE=utf8mb4_unicode_ci
2025-06-10 07:21:52,007 WARNING database DDL Query made to DB:
create table `tabWork Template` (
			name varchar(140) primary key,
			creation datetime(6),
			modified datetime(6),
			modified_by varchar(140),
			owner varchar(140),
			docstatus int(1) not null default '0',
			idx int(8) not null default '0',
			`amended_from` varchar(140),
`_user_tags` text,
`_comments` text,
`_assign` text,
`_liked_by` text,
index `amended_from`(`amended_from`),
index modified(modified))
			ENGINE=InnoDB
			ROW_FORMAT=DYNAMIC
			CHARACTER SET=utf8mb4
			COLLATE=utf8mb4_unicode_ci
2025-06-10 07:21:52,094 WARNING database DDL Query made to DB:
create table `tabWork Allocations Task Item` (
			name varchar(140) primary key,
			creation datetime(6),
			modified datetime(6),
			modified_by varchar(140),
			owner varchar(140),
			docstatus int(1) not null default '0',
			idx int(8) not null default '0',
			`task` varchar(140),
`due_date` varchar(140),
parent varchar(140),
parentfield varchar(140),
parenttype varchar(140),
index parent(parent))
			ENGINE=InnoDB
			ROW_FORMAT=DYNAMIC
			CHARACTER SET=utf8mb4
			COLLATE=utf8mb4_unicode_ci
2025-06-12 09:57:51,673 WARNING database DDL Query made to DB:
ALTER TABLE `tabPerformance Review` MODIFY `rating` decimal(3,2)
